c:\users\frost\desktop\sdl\myprojects\ge161-hw6\ge161\debug\vc120.pdb
c:\users\frost\desktop\sdl\myprojects\ge161-hw6\ge161\debug\vc120.idb
c:\users\frost\desktop\sdl\myprojects\ge161-hw6\ge161\debug\event.obj
c:\users\frost\desktop\sdl\myprojects\ge161-hw6\ge161\debug\eventlistener.obj
c:\users\frost\desktop\sdl\myprojects\ge161-hw6\ge161\debug\eventqueue.obj
c:\users\frost\desktop\sdl\myprojects\ge161-hw6\ge161\debug\game-main.obj
c:\users\frost\desktop\sdl\myprojects\ge161-hw6\ge161\debug\game.obj
c:\users\frost\desktop\sdl\myprojects\ge161-hw6\ge161\debug\gameobject.obj
c:\users\frost\desktop\sdl\myprojects\ge161-hw6\ge161\debug\ge161helpers.obj
c:\users\frost\desktop\sdl\myprojects\ge161-hw6\ge161\debug\main.obj
c:\users\frost\desktop\sdl\myprojects\ge161-hw6\ge161\debug\pong.obj
c:\users\frost\desktop\sdl\myprojects\ge161-hw6\ge161\debug\ponggameplayscene.obj
c:\users\frost\desktop\sdl\myprojects\ge161-hw6\ge161\debug\ponginstructionsscene.obj
c:\users\frost\desktop\sdl\myprojects\ge161-hw6\ge161\debug\scene.obj
c:\users\frost\desktop\sdl\myprojects\ge161-hw6\ge161\debug\sprite.obj
c:\users\frost\desktop\sdl\myprojects\ge161-hw6\ge161\debug\window.obj
c:\users\frost\desktop\sdl\myprojects\ge161-hw6\debug\ge161.ilk
c:\users\frost\desktop\sdl\myprojects\ge161-hw6\debug\ge161.exe
c:\users\frost\desktop\sdl\myprojects\ge161-hw6\debug\ge161.pdb
c:\users\frost\desktop\sdl\myprojects\ge161-hw6\ge161\debug\ge161.tlog\cl.command.1.tlog
c:\users\frost\desktop\sdl\myprojects\ge161-hw6\ge161\debug\ge161.tlog\cl.read.1.tlog
c:\users\frost\desktop\sdl\myprojects\ge161-hw6\ge161\debug\ge161.tlog\cl.write.1.tlog
c:\users\frost\desktop\sdl\myprojects\ge161-hw6\ge161\debug\ge161.tlog\link.command.1.tlog
c:\users\frost\desktop\sdl\myprojects\ge161-hw6\ge161\debug\ge161.tlog\link.read.1.tlog
c:\users\frost\desktop\sdl\myprojects\ge161-hw6\ge161\debug\ge161.tlog\link.write.1.tlog
