Build started 3/7/2016 7:57:20 PM.
     1>Project "C:\Users\Steven\Documents\UCI\ICS161\SDL\MyProjects\GE161LastHW\GE161\GE161.vcxproj" on node 2 (Build target(s)).
     1>ClCompile:
         C:\Users\Steven\Documents\Visual Studio\VC\bin\CL.exe /c /I"C:\Users\frost\Desktop\SDL\SDL2-2.0.4\include" /ZI /nologo /W3 /WX- /sdl /Od /Oy- /D _MBCS /Gm /EHsc /RTC1 /MDd /GS /fp:precise /Zc:wchar_t /Zc:forScope /Fo"Debug\\" /Fd"Debug\vc120.pdb" /Gd /TP /analyze- /errorReport:prompt Event.cpp EventListener.cpp EventQueue.cpp "Game-main.cpp" Game.cpp GameObject.cpp GE161helpers.cpp Main.cpp Pong.cpp PongGamePlayScene.cpp PongInstructionsScene.cpp Scene.cpp Sprite.cpp Texty.cpp Window.cpp
         Window.cpp
     1>c:\users\steven\documents\uci\ics161\sdl\myprojects\ge161lasthw\ge161\ge161int.h(4): fatal error C1083: Cannot open include file: 'SDL.h': No such file or directory
         Texty.cpp
     1>c:\users\steven\documents\uci\ics161\sdl\myprojects\ge161lasthw\ge161\ge161int.h(4): fatal error C1083: Cannot open include file: 'SDL.h': No such file or directory
         Sprite.cpp
     1>c:\users\steven\documents\uci\ics161\sdl\myprojects\ge161lasthw\ge161\ge161int.h(4): fatal error C1083: Cannot open include file: 'SDL.h': No such file or directory
         Scene.cpp
     1>c:\users\steven\documents\uci\ics161\sdl\myprojects\ge161lasthw\ge161\ge161int.h(4): fatal error C1083: Cannot open include file: 'SDL.h': No such file or directory
         PongInstructionsScene.cpp
     1>c:\users\steven\documents\uci\ics161\sdl\myprojects\ge161lasthw\ge161\ge161int.h(4): fatal error C1083: Cannot open include file: 'SDL.h': No such file or directory
         PongGamePlayScene.cpp
     1>c:\users\steven\documents\uci\ics161\sdl\myprojects\ge161lasthw\ge161\ge161int.h(4): fatal error C1083: Cannot open include file: 'SDL.h': No such file or directory
         Pong.cpp
     1>c:\users\steven\documents\uci\ics161\sdl\myprojects\ge161lasthw\ge161\ge161int.h(4): fatal error C1083: Cannot open include file: 'SDL.h': No such file or directory
         Main.cpp
     1>c:\users\steven\documents\uci\ics161\sdl\myprojects\ge161lasthw\ge161\ge161int.h(4): fatal error C1083: Cannot open include file: 'SDL.h': No such file or directory
         GE161helpers.cpp
     1>c:\users\steven\documents\uci\ics161\sdl\myprojects\ge161lasthw\ge161\ge161int.h(4): fatal error C1083: Cannot open include file: 'SDL.h': No such file or directory
         GameObject.cpp
     1>c:\users\steven\documents\uci\ics161\sdl\myprojects\ge161lasthw\ge161\ge161int.h(4): fatal error C1083: Cannot open include file: 'SDL.h': No such file or directory
         Game.cpp
     1>c:\users\steven\documents\uci\ics161\sdl\myprojects\ge161lasthw\ge161\ge161int.h(4): fatal error C1083: Cannot open include file: 'SDL.h': No such file or directory
         Game-main.cpp
     1>c:\users\steven\documents\uci\ics161\sdl\myprojects\ge161lasthw\ge161\ge161int.h(4): fatal error C1083: Cannot open include file: 'SDL.h': No such file or directory
         EventQueue.cpp
     1>c:\users\steven\documents\uci\ics161\sdl\myprojects\ge161lasthw\ge161\ge161int.h(4): fatal error C1083: Cannot open include file: 'SDL.h': No such file or directory
         EventListener.cpp
     1>c:\users\steven\documents\uci\ics161\sdl\myprojects\ge161lasthw\ge161\ge161int.h(4): fatal error C1083: Cannot open include file: 'SDL.h': No such file or directory
         Event.cpp
     1>c:\users\steven\documents\uci\ics161\sdl\myprojects\ge161lasthw\ge161\ge161int.h(4): fatal error C1083: Cannot open include file: 'SDL.h': No such file or directory
         Generating Code...
     1>Done Building Project "C:\Users\Steven\Documents\UCI\ICS161\SDL\MyProjects\GE161LastHW\GE161\GE161.vcxproj" (Build target(s)) -- FAILED.

Build FAILED.

Time Elapsed 00:00:10.08
